<?xml version="1.0" encoding="UTF-8"?>
<testng-results skipped="0" failed="0" ignored="0" total="1" passed="1">
  <reporter-output>
  </reporter-output>
  <suite name="Default suite" duration-ms="4609" started-at="2018-12-07T00:07:26Z" finished-at="2018-12-07T00:07:30Z">
    <groups>
    </groups>
    <test name="Default test" duration-ms="4609" started-at="2018-12-07T00:07:26Z" finished-at="2018-12-07T00:07:30Z">
      <class name="com.syntax.practice.BaseClass">
        <test-method status="PASS" signature="setUp()[pri:0, instance:com.syntax.practice.BaseClass@7113b13f]" name="setUp" duration-ms="4575" started-at="2018-12-07T00:07:26Z" finished-at="2018-12-07T00:07:30Z">
          <reporter-output>
          </reporter-output>
        </test-method> <!-- setUp -->
      </class> <!-- com.syntax.practice.BaseClass -->
    </test> <!-- Default test -->
  </suite> <!-- Default suite -->
</testng-results>
